<?xml version="1.0" encoding="UTF-8"?>
<!-- Generated by org.testng.reporters.JUnitXMLReporter -->
<testsuite ignored="0" hostname="Gowri" failures="0" tests="6" name="Test" time="0.123" errors="0" timestamp="2022-07-04T13:44:30 IST">
  <testcase classname="qaclickacademy.APItest" name="deletetwitter" time="0.014"/>
  <testcase classname="qaclickacademy.APItest" name="postjira" time="0.007"/>
  <testcase classname="qaclickacademy.appiumtest" name="iosapp" time="0.002"/>
  <testcase classname="qaclickacademy.appiumtest" name="negativeapp" time="0.003"/>
  <testcase classname="qaclickacademy.seleniumtest" name="BrowserAutomation" time="0.003"/>
  <testcase classname="qaclickacademy.seleniumtest" name="elementsui" time="0.004"/>
</testsuite> <!-- Test -->
