<?xml version="1.0" encoding="UTF-8"?>
<testng-results ignored="0" total="6" passed="6" failed="0" skipped="0">
  <reporter-output>
  </reporter-output>
  <suite started-at="2022-07-04T13:44:30 IST" name="Suite" finished-at="2022-07-04T13:44:30 IST" duration-ms="123">
    <groups>
    </groups>
    <test started-at="2022-07-04T13:44:30 IST" name="Test" finished-at="2022-07-04T13:44:30 IST" duration-ms="123">
      <class name="qaclickacademy.APItest">
        <test-method signature="deletetwitter()[pri:0, instance:qaclickacademy.APItest@192d43ce]" started-at="2022-07-04T13:44:30 IST" name="deletetwitter" finished-at="2022-07-04T13:44:30 IST" duration-ms="14" status="PASS">
          <reporter-output>
          </reporter-output>
        </test-method> <!-- deletetwitter -->
        <test-method signature="postjira()[pri:0, instance:qaclickacademy.APItest@192d43ce]" started-at="2022-07-04T13:44:30 IST" name="postjira" finished-at="2022-07-04T13:44:30 IST" duration-ms="7" status="PASS">
          <reporter-output>
          </reporter-output>
        </test-method> <!-- postjira -->
      </class> <!-- qaclickacademy.APItest -->
      <class name="qaclickacademy.appiumtest">
        <test-method signature="iosapp()[pri:0, instance:qaclickacademy.appiumtest@42e99e4a]" started-at="2022-07-04T13:44:30 IST" name="iosapp" finished-at="2022-07-04T13:44:30 IST" duration-ms="2" status="PASS">
          <reporter-output>
          </reporter-output>
        </test-method> <!-- iosapp -->
        <test-method signature="negativeapp()[pri:0, instance:qaclickacademy.appiumtest@42e99e4a]" started-at="2022-07-04T13:44:30 IST" name="negativeapp" finished-at="2022-07-04T13:44:30 IST" duration-ms="3" status="PASS">
          <reporter-output>
          </reporter-output>
        </test-method> <!-- negativeapp -->
      </class> <!-- qaclickacademy.appiumtest -->
      <class name="qaclickacademy.seleniumtest">
        <test-method signature="BrowserAutomation()[pri:0, instance:qaclickacademy.seleniumtest@14dd9eb7]" started-at="2022-07-04T13:44:30 IST" name="BrowserAutomation" finished-at="2022-07-04T13:44:30 IST" duration-ms="3" status="PASS">
          <reporter-output>
          </reporter-output>
        </test-method> <!-- BrowserAutomation -->
        <test-method signature="elementsui()[pri:0, instance:qaclickacademy.seleniumtest@14dd9eb7]" started-at="2022-07-04T13:44:30 IST" name="elementsui" finished-at="2022-07-04T13:44:30 IST" duration-ms="4" status="PASS">
          <reporter-output>
          </reporter-output>
        </test-method> <!-- elementsui -->
      </class> <!-- qaclickacademy.seleniumtest -->
    </test> <!-- Test -->
  </suite> <!-- Suite -->
</testng-results>
